Load "c:\\Users\\Admin\\Desktop\\project\\build\\keil\\Obj\\rt-thread.axf" 
Set JLink Project File to "c:\Users\Admin\Desktop\project\JLinkSettings.ini"* JLink Info: Device "SWM341XE" selected.

JLink info:
------------
DLL: V6.98e, compiled Mar 29 2021 14:18:39
Firmware: J-Link V9 compiled May  7 2021 16:26:12
Hardware: V9.50
S/N : 29534567 
Feature(s) : GDB, RDI, FlashBP, FlashDL, JFlash 

* JLink Info: Found SW-DP with ID 0x1BE12AEB
* JLink Info: DPIDR: 0x1BE12AEB
* JLink Info: Scanning AP map to find all available APs
* JLink Info: AP[1]: Stopped AP scan as end of AP map has been reached
* JLink Info: AP[0]: AHB-AP (IDR: 0x1AEB0015)
* JLink Info: Iterating through AP map to find AHB-AP to use
* JLink Info: AP[0]: Core found
* JLink Info: AP[0]: AHB-AP ROM base: 0xE00FE000
* JLink Info: CPUID register: 0x630F1321. Implementer code: 0x63 (ARM China)
* JLink Info: Found STAR r0p1, Little endian.
* JLink Info: Identified core does not match configuration. (Found: STAR, Configured: Cortex-M33)
* JLink Info: FPUnit: 8 code (BP) slots and 0 literal slots
* JLink Info: Security extension: not implemented
* JLink Info: CoreSight components:
* JLink Info: ROMTbl[0] @ E00FE000
* JLink Info: ROMTbl[0][0]: E00FF000, CID: B105100D, PID: 001F5132 ROM Table
* JLink Info: ROMTbl[1] @ E00FF000
* JLink Info: ROMTbl[1][0]: E000E000, CID: B105900D, PID: 001F5132 ???
* JLink Info: ROMTbl[1][1]: E0001000, CID: B105900D, PID: 000F5132 DWT
* JLink Info: ROMTbl[1][2]: E0002000, CID: B105900D, PID: 000F5132 FPB
* JLink Info: ROMTbl[1][3]: E0000000, CID: B105900D, PID: 000F5132 ITM
* JLink Info: ROMTbl[1][6]: E0042000, CID: B105900D, PID: 000F5132 CSS600-CTI
* JLink Info: ROMTbl[0][1]: E0040000, CID: B105900D, PID: 000F5132 ???
ROMTableAddr = 0xE00FE000
Target indicates no PACTBI support (PAC_KEY registers are not implemented)
* JLink Info: Reset: Halt core after reset via DEMCR.VC_CORERESET.
* JLink Info: Reset: Reset device via AIRCR.SYSRESETREQ.

Target info:
------------
Device: SWM341xE
VTarget = 3.298V
State of Pins: TCK: 1, TDI: 1, TDO: 0, TMS: 1, TRES: 1, TRST: 1
Hardware-Breakpoints: 8
Software-Breakpoints: 8192
Watchpoints:          4
JTAG speed: 12000 kHz

Erase Done.Programming Done.Verify OK.* JLink Info: Reset: Halt core after reset via DEMCR.VC_CORERESET.
* JLink Info: Reset: Reset device via AIRCR.SYSRESETREQ.
Application running ...
Flash Load finished at 20:21:54
